# JRE version: OpenJDK Runtime Environment Corretto-17.0.6.10.1 (17.0.6+10) (build 17.0.6+10-LTS)
# Java VM: OpenJDK 64-Bit Server VM Corretto-17.0.6.10.1 (17.0.6+10-LTS, mixed mode, sharing, tiered, compressed oops, compressed class ptrs, g1 gc, bsd-amd64)
Heap:
 garbage-first heap   total 363520K, used 217395K [0x0000000780000000, 0x0000000800000000)
  region size 1024K, 19 young (19456K), 2 survivors (2048K)
 Metaspace       used 17471K, committed 17792K, reserved 1064960K
  class space    used 2520K, committed 2688K, reserved 1048576K
GC Heap History (20 events):
Event: 23.373 GC heap before
{Heap before GC invocations=8 (full 0):
 garbage-first heap   total 215040K, used 125850K [0x0000000780000000, 0x0000000800000000)
  region size 1024K, 2 young (2048K), 1 survivors (1024K)
 Metaspace       used 16589K, committed 16896K, reserved 1064960K
  class space    used 2465K, committed 2624K, reserved 1048576K
}
Event: 23.374 GC heap after
{Heap after GC invocations=9 (full 0):
 garbage-first heap   total 215040K, used 125839K [0x0000000780000000, 0x0000000800000000)
  region size 1024K, 1 young (1024K), 1 survivors (1024K)
 Metaspace       used 16589K, committed 16896K, reserved 1064960K
  class space    used 2465K, committed 2624K, reserved 1048576K
}
Event: 23.419 GC heap before
{Heap before GC invocations=10 (full 0):
 garbage-first heap   total 224256K, used 130959K [0x0000000780000000, 0x0000000800000000)
  region size 1024K, 2 young (2048K), 1 survivors (1024K)
 Metaspace       used 16607K, committed 16896K, reserved 1064960K
  class space    used 2465K, committed 2624K, reserved 1048576K
}
Event: 23.421 GC heap after
{Heap after GC invocations=11 (full 0):
 garbage-first heap   total 269312K, used 131021K [0x0000000780000000, 0x0000000800000000)
  region size 1024K, 1 young (1024K), 1 survivors (1024K)
 Metaspace       used 16607K, committed 16896K, reserved 1064960K
  class space    used 2465K, committed 2624K, reserved 1048576K
}
Event: 23.515 GC heap before
{Heap before GC invocations=12 (full 0):
 garbage-first heap   total 269312K, used 141261K [0x0000000780000000, 0x0000000800000000)
  region size 1024K, 4 young (4096K), 1 survivors (1024K)
 Metaspace       used 16712K, committed 17024K, reserved 1064960K
  class space    used 2472K, committed 2624K, reserved 1048576K
}
Event: 23.517 GC heap after
{Heap after GC invocations=13 (full 0):
 garbage-first heap   total 269312K, used 139969K [0x0000000780000000, 0x0000000800000000)
  region size 1024K, 1 young (1024K), 1 survivors (1024K)
 Metaspace       used 16712K, committed 17024K, reserved 1064960K
  class space    used 2472K, committed 2624K, reserved 1048576K
}
Event: 23.580 GC heap before
{Heap before GC invocations=14 (full 0):
 garbage-first heap   total 269312K, used 148161K [0x0000000780000000, 0x0000000800000000)
  region size 1024K, 2 young (2048K), 1 survivors (1024K)
 Metaspace       used 16722K, committed 17024K, reserved 1064960K
  class space    used 2472K, committed 2624K, reserved 1048576K
}
Event: 23.581 GC heap after
{Heap after GC invocations=15 (full 0):
 garbage-first heap   total 269312K, used 148226K [0x0000000780000000, 0x0000000800000000)
  region size 1024K, 2 young (2048K), 2 survivors (2048K)
 Metaspace       used 16722K, committed 17024K, reserved 1064960K
  class space    used 2472K, committed 2624K, reserved 1048576K
}
Event: 23.644 GC heap before
{Heap before GC invocations=16 (full 0):
 garbage-first heap   total 269312K, used 156418K [0x0000000780000000, 0x0000000800000000)
  region size 1024K, 3 young (3072K), 2 survivors (2048K)
 Metaspace       used 16741K, committed 17024K, reserved 1064960K
  class space    used 2472K, committed 2624K, reserved 1048576K
}
Event: 23.646 GC heap after
{Heap after GC invocations=17 (full 0):
 garbage-first heap   total 269312K, used 156487K [0x0000000780000000, 0x0000000800000000)
  region size 1024K, 2 young (2048K), 2 survivors (2048K)
 Metaspace       used 16741K, committed 17024K, reserved 1064960K
  class space    used 2472K, committed 2624K, reserved 1048576K
}
Event: 23.707 GC heap before
{Heap before GC invocations=18 (full 0):
 garbage-first heap   total 280576K, used 164679K [0x0000000780000000, 0x0000000800000000)
  region size 1024K, 3 young (3072K), 2 survivors (2048K)
 Metaspace       used 16769K, committed 17024K, reserved 1064960K
  class space    used 2473K, committed 2624K, reserved 1048576K
}
Event: 23.709 GC heap after
{Heap after GC invocations=19 (full 0):
 garbage-first heap   total 280576K, used 164797K [0x0000000780000000, 0x0000000800000000)
  region size 1024K, 2 young (2048K), 2 survivors (2048K)
 Metaspace       used 16769K, committed 17024K, reserved 1064960K
  class space    used 2473K, committed 2624K, reserved 1048576K
}
Event: 23.747 GC heap before
{Heap before GC invocations=20 (full 0):
 garbage-first heap   total 285696K, used 167869K [0x0000000780000000, 0x0000000800000000)
  region size 1024K, 3 young (3072K), 2 survivors (2048K)
 Metaspace       used 16787K, committed 17088K, reserved 1064960K
  class space    used 2474K, committed 2624K, reserved 1048576K
}
Event: 23.748 GC heap after
{Heap after GC invocations=21 (full 0):
 garbage-first heap   total 285696K, used 167909K [0x0000000780000000, 0x0000000800000000)
  region size 1024K, 2 young (2048K), 2 survivors (2048K)
 Metaspace       used 16787K, committed 17088K, reserved 1064960K
  class space    used 2474K, committed 2624K, reserved 1048576K
}
Event: 23.808 GC heap before
{Heap before GC invocations=22 (full 0):
 garbage-first heap   total 299008K, used 176101K [0x0000000780000000, 0x0000000800000000)
  region size 1024K, 3 young (3072K), 2 survivors (2048K)
 Metaspace       used 16796K, committed 17088K, reserved 1064960K
  class space    used 2474K, committed 2624K, reserved 1048576K
}
Event: 23.810 GC heap after
{Heap after GC invocations=23 (full 0):
 garbage-first heap   total 363520K, used 176142K [0x0000000780000000, 0x0000000800000000)
  region size 1024K, 2 young (2048K), 2 survivors (2048K)
 Metaspace       used 16796K, committed 17088K, reserved 1064960K
  class space    used 2474K, committed 2624K, reserved 1048576K
}
Event: 23.869 GC heap before
{Heap before GC invocations=24 (full 0):
 garbage-first heap   total 363520K, used 184334K [0x0000000780000000, 0x0000000800000000)
  region size 1024K, 3 young (3072K), 2 survivors (2048K)
 Metaspace       used 16820K, committed 17088K, reserved 1064960K
  class space    used 2474K, committed 2624K, reserved 1048576K
}
Event: 23.871 GC heap after
{Heap after GC invocations=25 (full 0):
 garbage-first heap   total 363520K, used 184439K [0x0000000780000000, 0x0000000800000000)
  region size 1024K, 2 young (2048K), 2 survivors (2048K)
 Metaspace       used 16820K, committed 17088K, reserved 1064960K
  class space    used 2474K, committed 2624K, reserved 1048576K
}
Event: 23.935 GC heap before
{Heap before GC invocations=26 (full 0):
 garbage-first heap   total 363520K, used 192631K [0x0000000780000000, 0x0000000800000000)
  region size 1024K, 3 young (3072K), 2 survivors (2048K)
 Metaspace       used 16881K, committed 17152K, reserved 1064960K
  class space    used 2479K, committed 2624K, reserved 1048576K
}
Event: 23.937 GC heap after
{Heap after GC invocations=27 (full 0):
 garbage-first heap   total 363520K, used 192817K [0x0000000780000000, 0x0000000800000000)
  region size 1024K, 2 young (2048K), 2 survivors (2048K)
 Metaspace       used 16881K, committed 17152K, reserved 1064960K
  class space    used 2479K, committed 2624K, reserved 1048576K
}

